# JRE version: OpenJDK Runtime Environment Temurin-21.0.8+9 (21.0.8+9) (build 21.0.8+9-LTS)
# Java VM: OpenJDK 64-Bit Server VM Temurin-21.0.8+9 (21.0.8+9-LTS, mixed mode, emulated-client, sharing, tiered, compressed oops, compressed class ptrs, g1 gc, windows-amd64)
GC Precious Log:
 CardTable entry size: 512
 Card Set container configuration: InlinePtr #cards 4 size 8 Array Of Cards #cards 16 size 48 Howl #buckets 8 coarsen threshold 3686 Howl Bitmap #cards 512 size 80 coarsen threshold 460 Card regions per heap region 1 cards per card region 4096
 CPUs: 8 total, 8 available
 Memory: 16242M
 Large Page Support: Disabled
 NUMA Support: Disabled
 Compressed Oops: Enabled (Zero based)
 Heap Region Size: 2M
 Heap Min Capacity: 8M
 Heap Initial Capacity: 254M
 Heap Max Capacity: 4062M
 Pre-touch: Disabled
 Parallel Workers: 8
 Concurrent Workers: 2
 Concurrent Refinement Workers: 8
 Periodic GC: Disabled
Heap:
 garbage-first heap   total 264192K, used 152768K [0x0000000702200000, 0x0000000800000000)
  region size 2048K, 4 young (8192K), 4 survivors (8192K)
 Metaspace       used 74276K, committed 75008K, reserved 1114112K
  class space    used 10962K, committed 11264K, reserved 1048576K
GC Heap History (20 events):
Event: 13.167 GC heap after
{Heap after GC invocations=21 (full 0):
 garbage-first heap   total 106496K, used 58783K [0x0000000702200000, 0x0000000800000000)
  region size 2048K, 3 young (6144K), 3 survivors (6144K)
 Metaspace       used 74282K, committed 75008K, reserved 1114112K
  class space    used 10963K, committed 11264K, reserved 1048576K
}
Event: 13.255 GC heap before
{Heap before GC invocations=22 (full 0):
 garbage-first heap   total 106496K, used 89503K [0x0000000702200000, 0x0000000800000000)
  region size 2048K, 18 young (36864K), 3 survivors (6144K)
 Metaspace       used 74282K, committed 75008K, reserved 1114112K
  class space    used 10963K, committed 11264K, reserved 1048576K
}
Event: 13.263 GC heap after
{Heap after GC invocations=23 (full 0):
 garbage-first heap   total 106496K, used 69632K [0x0000000702200000, 0x0000000800000000)
  region size 2048K, 3 young (6144K), 3 survivors (6144K)
 Metaspace       used 74282K, committed 75008K, reserved 1114112K
  class space    used 10963K, committed 11264K, reserved 1048576K
}
Event: 13.313 GC heap before
{Heap before GC invocations=23 (full 0):
 garbage-first heap   total 106496K, used 90112K [0x0000000702200000, 0x0000000800000000)
  region size 2048K, 13 young (26624K), 3 survivors (6144K)
 Metaspace       used 74282K, committed 75008K, reserved 1114112K
  class space    used 10963K, committed 11264K, reserved 1048576K
}
Event: 13.321 GC heap after
{Heap after GC invocations=24 (full 0):
 garbage-first heap   total 106496K, used 75991K [0x0000000702200000, 0x0000000800000000)
  region size 2048K, 2 young (4096K), 2 survivors (4096K)
 Metaspace       used 74282K, committed 75008K, reserved 1114112K
  class space    used 10963K, committed 11264K, reserved 1048576K
}
Event: 13.357 GC heap before
{Heap before GC invocations=24 (full 0):
 garbage-first heap   total 106496K, used 90327K [0x0000000702200000, 0x0000000800000000)
  region size 2048K, 9 young (18432K), 2 survivors (4096K)
 Metaspace       used 74282K, committed 75008K, reserved 1114112K
  class space    used 10963K, committed 11264K, reserved 1048576K
}
Event: 13.363 GC heap after
{Heap after GC invocations=25 (full 0):
 garbage-first heap   total 106496K, used 83050K [0x0000000702200000, 0x0000000800000000)
  region size 2048K, 2 young (4096K), 2 survivors (4096K)
 Metaspace       used 74282K, committed 75008K, reserved 1114112K
  class space    used 10963K, committed 11264K, reserved 1048576K
}
Event: 13.388 GC heap before
{Heap before GC invocations=25 (full 0):
 garbage-first heap   total 106496K, used 93290K [0x0000000702200000, 0x0000000800000000)
  region size 2048K, 7 young (14336K), 2 survivors (4096K)
 Metaspace       used 74282K, committed 75008K, reserved 1114112K
  class space    used 10963K, committed 11264K, reserved 1048576K
}
Event: 13.394 GC heap after
{Heap after GC invocations=26 (full 0):
 garbage-first heap   total 231424K, used 87157K [0x0000000702200000, 0x0000000800000000)
  region size 2048K, 1 young (2048K), 1 survivors (2048K)
 Metaspace       used 74282K, committed 75008K, reserved 1114112K
  class space    used 10963K, committed 11264K, reserved 1048576K
}
Event: 13.670 GC heap before
{Heap before GC invocations=27 (full 0):
 garbage-first heap   total 231424K, used 169077K [0x0000000702200000, 0x0000000800000000)
  region size 2048K, 41 young (83968K), 1 survivors (2048K)
 Metaspace       used 74276K, committed 75008K, reserved 1114112K
  class space    used 10962K, committed 11264K, reserved 1048576K
}
Event: 13.679 GC heap after
{Heap after GC invocations=28 (full 0):
 garbage-first heap   total 231424K, used 99771K [0x0000000702200000, 0x0000000800000000)
  region size 2048K, 6 young (12288K), 6 survivors (12288K)
 Metaspace       used 74276K, committed 75008K, reserved 1114112K
  class space    used 10962K, committed 11264K, reserved 1048576K
}
Event: 13.888 GC heap before
{Heap before GC invocations=28 (full 0):
 garbage-first heap   total 231424K, used 185787K [0x0000000702200000, 0x0000000800000000)
  region size 2048K, 48 young (98304K), 6 survivors (12288K)
 Metaspace       used 74276K, committed 75008K, reserved 1114112K
  class space    used 10962K, committed 11264K, reserved 1048576K
}
Event: 13.914 GC heap after
{Heap after GC invocations=29 (full 0):
 garbage-first heap   total 233472K, used 128412K [0x0000000702200000, 0x0000000800000000)
  region size 2048K, 6 young (12288K), 6 survivors (12288K)
 Metaspace       used 74276K, committed 75008K, reserved 1114112K
  class space    used 10962K, committed 11264K, reserved 1048576K
}
Event: 13.940 GC heap before
{Heap before GC invocations=29 (full 0):
 garbage-first heap   total 233472K, used 138652K [0x0000000702200000, 0x0000000800000000)
  region size 2048K, 12 young (24576K), 6 survivors (12288K)
 Metaspace       used 74276K, committed 75008K, reserved 1114112K
  class space    used 10962K, committed 11264K, reserved 1048576K
}
Event: 13.950 GC heap after
{Heap after GC invocations=30 (full 0):
 garbage-first heap   total 233472K, used 136374K [0x0000000702200000, 0x0000000800000000)
  region size 2048K, 3 young (6144K), 3 survivors (6144K)
 Metaspace       used 74276K, committed 75008K, reserved 1114112K
  class space    used 10962K, committed 11264K, reserved 1048576K
}
Event: 14.111 GC heap before
{Heap before GC invocations=31 (full 0):
 garbage-first heap   total 233472K, used 183478K [0x0000000702200000, 0x0000000800000000)
  region size 2048K, 27 young (55296K), 3 survivors (6144K)
 Metaspace       used 74276K, committed 75008K, reserved 1114112K
  class space    used 10962K, committed 11264K, reserved 1048576K
}
Event: 14.123 GC heap after
{Heap after GC invocations=32 (full 0):
 garbage-first heap   total 233472K, used 149364K [0x0000000702200000, 0x0000000800000000)
  region size 2048K, 4 young (8192K), 4 survivors (8192K)
 Metaspace       used 74276K, committed 75008K, reserved 1114112K
  class space    used 10962K, committed 11264K, reserved 1048576K
}
Event: 14.232 GC heap before
{Heap before GC invocations=32 (full 0):
 garbage-first heap   total 233472K, used 192372K [0x0000000702200000, 0x0000000800000000)
  region size 2048K, 25 young (51200K), 4 survivors (8192K)
 Metaspace       used 74276K, committed 75008K, reserved 1114112K
  class space    used 10962K, committed 11264K, reserved 1048576K
}
Event: 14.246 GC heap after
{Heap after GC invocations=33 (full 0):
 garbage-first heap   total 233472K, used 143360K [0x0000000702200000, 0x0000000800000000)
  region size 2048K, 4 young (8192K), 4 survivors (8192K)
 Metaspace       used 74276K, committed 75008K, reserved 1114112K
  class space    used 10962K, committed 11264K, reserved 1048576K
}
Event: 14.397 GC heap before
{Heap before GC invocations=33 (full 0):
 garbage-first heap   total 233472K, used 192512K [0x0000000702200000, 0x0000000800000000)
  region size 2048K, 26 young (53248K), 4 survivors (8192K)
 Metaspace       used 74276K, committed 75008K, reserved 1114112K
  class space    used 10962K, committed 11264K, reserved 1048576K
}

