# JRE version: OpenJDK Runtime Environment Temurin-17.0.4.1+1 (17.0.4.1+1) (build 17.0.4.1+1)
# Java VM: OpenJDK 64-Bit Server VM Temurin-17.0.4.1+1 (17.0.4.1+1, mixed mode, tiered, compressed oops, compressed class ptrs, parallel gc, windows-amd64)
GC Precious Log:
 CPUs: 8 total, 8 available
 Memory: 16242M
 Large Page Support: Disabled
 NUMA Support: Disabled
 Compressed Oops: Enabled (32-bit)
 Alignments: Space 512K, Generation 512K, Heap 2M
 Heap Min Capacity: 100M
 Heap Initial Capacity: 100M
 Heap Max Capacity: 1G
 Pre-touch: Disabled
 Parallel Workers: 8
Heap:
 PSYoungGen      total 8192K, used 1257K [0x00000000eab00000, 0x00000000eb580000, 0x0000000100000000)
  eden space 6144K, 0% used [0x00000000eab00000,0x00000000eab015b8,0x00000000eb100000)
  from space 2048K, 61% used [0x00000000eb100000,0x00000000eb239140,0x00000000eb300000)
  to   space 2048K, 0% used [0x00000000eb380000,0x00000000eb380000,0x00000000eb580000)
 ParOldGen       total 143872K, used 114822K [0x00000000c0000000, 0x00000000c8c80000, 0x00000000eab00000)
  object space 143872K, 79% used [0x00000000c0000000,0x00000000c7021808,0x00000000c8c80000)
 Metaspace       used 58638K, committed 59712K, reserved 1105920K
  class space    used 6162K, committed 6592K, reserved 1048576K
GC Heap History (20 events):
Event: 20.533 GC heap before
{Heap before GC invocations=80 (full 4):
 PSYoungGen      total 8192K, used 7923K [0x00000000eab00000, 0x00000000eb580000, 0x0000000100000000)
  eden space 6656K, 100% used [0x00000000eab00000,0x00000000eb180000,0x00000000eb180000)
  from space 1536K, 82% used [0x00000000eb380000,0x00000000eb4bcc18,0x00000000eb500000)
  to   space 512K, 0% used [0x00000000eb500000,0x00000000eb500000,0x00000000eb580000)
 ParOldGen       total 108032K, used 106629K [0x00000000c0000000, 0x00000000c6980000, 0x00000000eab00000)
  object space 108032K, 98% used [0x00000000c0000000,0x00000000c68214b8,0x00000000c6980000)
 Metaspace       used 57895K, committed 59008K, reserved 1105920K
  class space    used 6098K, committed 6592K, reserved 1048576K
}
Event: 20.535 GC heap after
{Heap after GC invocations=80 (full 4):
 PSYoungGen      total 7168K, used 511K [0x00000000eab00000, 0x00000000eb780000, 0x0000000100000000)
  eden space 6656K, 0% used [0x00000000eab00000,0x00000000eab00000,0x00000000eb180000)
  from space 512K, 99% used [0x00000000eb500000,0x00000000eb57fe10,0x00000000eb580000)
  to   space 3072K, 0% used [0x00000000eb180000,0x00000000eb180000,0x00000000eb480000)
 ParOldGen       total 109056K, used 108582K [0x00000000c0000000, 0x00000000c6a80000, 0x00000000eab00000)
  object space 109056K, 99% used [0x00000000c0000000,0x00000000c6a099e8,0x00000000c6a80000)
 Metaspace       used 57895K, committed 59008K, reserved 1105920K
  class space    used 6098K, committed 6592K, reserved 1048576K
}
Event: 20.536 GC heap before
{Heap before GC invocations=81 (full 5):
 PSYoungGen      total 7168K, used 511K [0x00000000eab00000, 0x00000000eb780000, 0x0000000100000000)
  eden space 6656K, 0% used [0x00000000eab00000,0x00000000eab00000,0x00000000eb180000)
  from space 512K, 99% used [0x00000000eb500000,0x00000000eb57fe10,0x00000000eb580000)
  to   space 3072K, 0% used [0x00000000eb180000,0x00000000eb180000,0x00000000eb480000)
 ParOldGen       total 109056K, used 108582K [0x00000000c0000000, 0x00000000c6a80000, 0x00000000eab00000)
  object space 109056K, 99% used [0x00000000c0000000,0x00000000c6a099e8,0x00000000c6a80000)
 Metaspace       used 57895K, committed 59008K, reserved 1105920K
  class space    used 6098K, committed 6592K, reserved 1048576K
}
Event: 20.634 GC heap after
{Heap after GC invocations=81 (full 5):
 PSYoungGen      total 9728K, used 0K [0x00000000eab00000, 0x00000000eb780000, 0x0000000100000000)
  eden space 6656K, 0% used [0x00000000eab00000,0x00000000eab00000,0x00000000eb180000)
  from space 3072K, 0% used [0x00000000eb180000,0x00000000eb180000,0x00000000eb480000)
  to   space 3072K, 0% used [0x00000000eb480000,0x00000000eb480000,0x00000000eb780000)
 ParOldGen       total 109056K, used 106391K [0x00000000c0000000, 0x00000000c6a80000, 0x00000000eab00000)
  object space 109056K, 97% used [0x00000000c0000000,0x00000000c67e5d70,0x00000000c6a80000)
 Metaspace       used 57895K, committed 59008K, reserved 1105920K
  class space    used 6098K, committed 6592K, reserved 1048576K
}
Event: 20.693 GC heap before
{Heap before GC invocations=82 (full 5):
 PSYoungGen      total 9728K, used 6656K [0x00000000eab00000, 0x00000000eb780000, 0x0000000100000000)
  eden space 6656K, 100% used [0x00000000eab00000,0x00000000eb180000,0x00000000eb180000)
  from space 3072K, 0% used [0x00000000eb180000,0x00000000eb180000,0x00000000eb480000)
  to   space 3072K, 0% used [0x00000000eb480000,0x00000000eb480000,0x00000000eb780000)
 ParOldGen       total 109056K, used 106391K [0x00000000c0000000, 0x00000000c6a80000, 0x00000000eab00000)
  object space 109056K, 97% used [0x00000000c0000000,0x00000000c67e5d70,0x00000000c6a80000)
 Metaspace       used 57959K, committed 59072K, reserved 1105920K
  class space    used 6109K, committed 6592K, reserved 1048576K
}
Event: 20.694 GC heap after
{Heap after GC invocations=82 (full 5):
 PSYoungGen      total 8192K, used 1334K [0x00000000eab00000, 0x00000000eb600000, 0x0000000100000000)
  eden space 6656K, 0% used [0x00000000eab00000,0x00000000eab00000,0x00000000eb180000)
  from space 1536K, 86% used [0x00000000eb480000,0x00000000eb5cda48,0x00000000eb600000)
  to   space 2048K, 0% used [0x00000000eb200000,0x00000000eb200000,0x00000000eb400000)
 ParOldGen       total 109056K, used 106391K [0x00000000c0000000, 0x00000000c6a80000, 0x00000000eab00000)
  object space 109056K, 97% used [0x00000000c0000000,0x00000000c67e5d70,0x00000000c6a80000)
 Metaspace       used 57959K, committed 59072K, reserved 1105920K
  class space    used 6109K, committed 6592K, reserved 1048576K
}
Event: 20.755 GC heap before
{Heap before GC invocations=83 (full 5):
 PSYoungGen      total 8192K, used 7990K [0x00000000eab00000, 0x00000000eb600000, 0x0000000100000000)
  eden space 6656K, 100% used [0x00000000eab00000,0x00000000eb180000,0x00000000eb180000)
  from space 1536K, 86% used [0x00000000eb480000,0x00000000eb5cda48,0x00000000eb600000)
  to   space 2048K, 0% used [0x00000000eb200000,0x00000000eb200000,0x00000000eb400000)
 ParOldGen       total 109056K, used 106391K [0x00000000c0000000, 0x00000000c6a80000, 0x00000000eab00000)
  object space 109056K, 97% used [0x00000000c0000000,0x00000000c67e5d70,0x00000000c6a80000)
 Metaspace       used 58221K, committed 59328K, reserved 1105920K
  class space    used 6113K, committed 6592K, reserved 1048576K
}
Event: 20.758 GC heap after
{Heap after GC invocations=83 (full 5):
 PSYoungGen      total 8704K, used 2028K [0x00000000eab00000, 0x00000000eb780000, 0x0000000100000000)
  eden space 6656K, 0% used [0x00000000eab00000,0x00000000eab00000,0x00000000eb180000)
  from space 2048K, 99% used [0x00000000eb200000,0x00000000eb3fb248,0x00000000eb400000)
  to   space 3072K, 0% used [0x00000000eb480000,0x00000000eb480000,0x00000000eb780000)
 ParOldGen       total 109056K, used 107024K [0x00000000c0000000, 0x00000000c6a80000, 0x00000000eab00000)
  object space 109056K, 98% used [0x00000000c0000000,0x00000000c6884100,0x00000000c6a80000)
 Metaspace       used 58221K, committed 59328K, reserved 1105920K
  class space    used 6113K, committed 6592K, reserved 1048576K
}
Event: 20.795 GC heap before
{Heap before GC invocations=84 (full 5):
 PSYoungGen      total 8704K, used 8684K [0x00000000eab00000, 0x00000000eb780000, 0x0000000100000000)
  eden space 6656K, 100% used [0x00000000eab00000,0x00000000eb180000,0x00000000eb180000)
  from space 2048K, 99% used [0x00000000eb200000,0x00000000eb3fb248,0x00000000eb400000)
  to   space 3072K, 0% used [0x00000000eb480000,0x00000000eb480000,0x00000000eb780000)
 ParOldGen       total 109056K, used 107024K [0x00000000c0000000, 0x00000000c6a80000, 0x00000000eab00000)
  object space 109056K, 98% used [0x00000000c0000000,0x00000000c6884100,0x00000000c6a80000)
 Metaspace       used 58333K, committed 59392K, reserved 1105920K
  class space    used 6125K, committed 6592K, reserved 1048576K
}
Event: 20.799 GC heap after
{Heap after GC invocations=84 (full 5):
 PSYoungGen      total 8192K, used 1346K [0x00000000eab00000, 0x00000000eb600000, 0x0000000100000000)
  eden space 6656K, 0% used [0x00000000eab00000,0x00000000eab00000,0x00000000eb180000)
  from space 1536K, 87% used [0x00000000eb480000,0x00000000eb5d09b8,0x00000000eb600000)
  to   space 2048K, 0% used [0x00000000eb200000,0x00000000eb200000,0x00000000eb400000)
 ParOldGen       total 109056K, used 108895K [0x00000000c0000000, 0x00000000c6a80000, 0x00000000eab00000)
  object space 109056K, 99% used [0x00000000c0000000,0x00000000c6a57e38,0x00000000c6a80000)
 Metaspace       used 58333K, committed 59392K, reserved 1105920K
  class space    used 6125K, committed 6592K, reserved 1048576K
}
Event: 20.799 GC heap before
{Heap before GC invocations=85 (full 6):
 PSYoungGen      total 8192K, used 1346K [0x00000000eab00000, 0x00000000eb600000, 0x0000000100000000)
  eden space 6656K, 0% used [0x00000000eab00000,0x00000000eab00000,0x00000000eb180000)
  from space 1536K, 87% used [0x00000000eb480000,0x00000000eb5d09b8,0x00000000eb600000)
  to   space 2048K, 0% used [0x00000000eb200000,0x00000000eb200000,0x00000000eb400000)
 ParOldGen       total 109056K, used 108895K [0x00000000c0000000, 0x00000000c6a80000, 0x00000000eab00000)
  object space 109056K, 99% used [0x00000000c0000000,0x00000000c6a57e38,0x00000000c6a80000)
 Metaspace       used 58333K, committed 59392K, reserved 1105920K
  class space    used 6125K, committed 6592K, reserved 1048576K
}
Event: 20.956 GC heap after
{Heap after GC invocations=85 (full 6):
 PSYoungGen      total 7680K, used 733K [0x00000000eab00000, 0x00000000eb580000, 0x0000000100000000)
  eden space 6656K, 0% used [0x00000000eab00000,0x00000000eab00000,0x00000000eb180000)
  from space 1024K, 71% used [0x00000000eb480000,0x00000000eb537418,0x00000000eb580000)
  to   space 2048K, 0% used [0x00000000eb180000,0x00000000eb180000,0x00000000eb380000)
 ParOldGen       total 109056K, used 109049K [0x00000000c0000000, 0x00000000c6a80000, 0x00000000eab00000)
  object space 109056K, 99% used [0x00000000c0000000,0x00000000c6a7e468,0x00000000c6a80000)
 Metaspace       used 58333K, committed 59392K, reserved 1105920K
  class space    used 6125K, committed 6592K, reserved 1048576K
}
Event: 21.000 GC heap before
{Heap before GC invocations=86 (full 7):
 PSYoungGen      total 7680K, used 7389K [0x00000000eab00000, 0x00000000eb580000, 0x0000000100000000)
  eden space 6656K, 100% used [0x00000000eab00000,0x00000000eb180000,0x00000000eb180000)
  from space 1024K, 71% used [0x00000000eb480000,0x00000000eb537418,0x00000000eb580000)
  to   space 2048K, 0% used [0x00000000eb180000,0x00000000eb180000,0x00000000eb380000)
 ParOldGen       total 109056K, used 109049K [0x00000000c0000000, 0x00000000c6a80000, 0x00000000eab00000)
  object space 109056K, 99% used [0x00000000c0000000,0x00000000c6a7e468,0x00000000c6a80000)
 Metaspace       used 58421K, committed 59520K, reserved 1105920K
  class space    used 6133K, committed 6592K, reserved 1048576K
}
Event: 21.102 GC heap after
{Heap after GC invocations=86 (full 7):
 PSYoungGen      total 8704K, used 1979K [0x00000000eab00000, 0x00000000eb600000, 0x0000000100000000)
  eden space 6656K, 29% used [0x00000000eab00000,0x00000000eaceecc0,0x00000000eb180000)
  from space 2048K, 0% used [0x00000000eb180000,0x00000000eb180000,0x00000000eb380000)
  to   space 1024K, 0% used [0x00000000eb480000,0x00000000eb480000,0x00000000eb580000)
 ParOldGen       total 143872K, used 109042K [0x00000000c0000000, 0x00000000c8c80000, 0x00000000eab00000)
  object space 143872K, 75% used [0x00000000c0000000,0x00000000c6a7cba8,0x00000000c8c80000)
 Metaspace       used 58421K, committed 59520K, reserved 1105920K
  class space    used 6133K, committed 6592K, reserved 1048576K
}
Event: 21.122 GC heap before
{Heap before GC invocations=87 (full 7):
 PSYoungGen      total 8704K, used 6656K [0x00000000eab00000, 0x00000000eb600000, 0x0000000100000000)
  eden space 6656K, 100% used [0x00000000eab00000,0x00000000eb180000,0x00000000eb180000)
  from space 2048K, 0% used [0x00000000eb180000,0x00000000eb180000,0x00000000eb380000)
  to   space 1024K, 0% used [0x00000000eb480000,0x00000000eb480000,0x00000000eb580000)
 ParOldGen       total 143872K, used 109042K [0x00000000c0000000, 0x00000000c8c80000, 0x00000000eab00000)
  object space 143872K, 75% used [0x00000000c0000000,0x00000000c6a7cba8,0x00000000c8c80000)
 Metaspace       used 58458K, committed 59520K, reserved 1105920K
  class space    used 6139K, committed 6592K, reserved 1048576K
}
Event: 21.135 GC heap after
{Heap after GC invocations=87 (full 7):
 PSYoungGen      total 7168K, used 992K [0x00000000eab00000, 0x00000000eb900000, 0x0000000100000000)
  eden space 6144K, 0% used [0x00000000eab00000,0x00000000eab00000,0x00000000eb100000)
  from space 1024K, 96% used [0x00000000eb480000,0x00000000eb578240,0x00000000eb580000)
  to   space 3584K, 0% used [0x00000000eb100000,0x00000000eb100000,0x00000000eb480000)
 ParOldGen       total 143872K, used 111090K [0x00000000c0000000, 0x00000000c8c80000, 0x00000000eab00000)
  object space 143872K, 77% used [0x00000000c0000000,0x00000000c6c7cb98,0x00000000c8c80000)
 Metaspace       used 58458K, committed 59520K, reserved 1105920K
  class space    used 6139K, committed 6592K, reserved 1048576K
}
Event: 21.189 GC heap before
{Heap before GC invocations=88 (full 7):
 PSYoungGen      total 7168K, used 7136K [0x00000000eab00000, 0x00000000eb900000, 0x0000000100000000)
  eden space 6144K, 100% used [0x00000000eab00000,0x00000000eb100000,0x00000000eb100000)
  from space 1024K, 96% used [0x00000000eb480000,0x00000000eb578240,0x00000000eb580000)
  to   space 3584K, 0% used [0x00000000eb100000,0x00000000eb100000,0x00000000eb480000)
 ParOldGen       total 143872K, used 111090K [0x00000000c0000000, 0x00000000c8c80000, 0x00000000eab00000)
  object space 143872K, 77% used [0x00000000c0000000,0x00000000c6c7cb98,0x00000000c8c80000)
 Metaspace       used 58529K, committed 59584K, reserved 1105920K
  class space    used 6151K, committed 6592K, reserved 1048576K
}
Event: 21.191 GC heap after
{Heap after GC invocations=88 (full 7):
 PSYoungGen      total 8192K, used 1540K [0x00000000eab00000, 0x00000000eb680000, 0x0000000100000000)
  eden space 6144K, 0% used [0x00000000eab00000,0x00000000eab00000,0x00000000eb100000)
  from space 2048K, 75% used [0x00000000eb100000,0x00000000eb2813b8,0x00000000eb300000)
  to   space 2560K, 0% used [0x00000000eb400000,0x00000000eb400000,0x00000000eb680000)
 ParOldGen       total 143872K, used 112068K [0x00000000c0000000, 0x00000000c8c80000, 0x00000000eab00000)
  object space 143872K, 77% used [0x00000000c0000000,0x00000000c6d71220,0x00000000c8c80000)
 Metaspace       used 58529K, committed 59584K, reserved 1105920K
  class space    used 6151K, committed 6592K, reserved 1048576K
}
Event: 21.222 GC heap before
{Heap before GC invocations=89 (full 7):
 PSYoungGen      total 8192K, used 7684K [0x00000000eab00000, 0x00000000eb680000, 0x0000000100000000)
  eden space 6144K, 100% used [0x00000000eab00000,0x00000000eb100000,0x00000000eb100000)
  from space 2048K, 75% used [0x00000000eb100000,0x00000000eb2813b8,0x00000000eb300000)
  to   space 2560K, 0% used [0x00000000eb400000,0x00000000eb400000,0x00000000eb680000)
 ParOldGen       total 143872K, used 112068K [0x00000000c0000000, 0x00000000c8c80000, 0x00000000eab00000)
  object space 143872K, 77% used [0x00000000c0000000,0x00000000c6d71220,0x00000000c8c80000)
 Metaspace       used 58529K, committed 59584K, reserved 1105920K
  class space    used 6151K, committed 6592K, reserved 1048576K
}
Event: 21.225 GC heap after
{Heap after GC invocations=89 (full 7):
 PSYoungGen      total 8704K, used 2540K [0x00000000eab00000, 0x00000000eb680000, 0x0000000100000000)
  eden space 6144K, 0% used [0x00000000eab00000,0x00000000eab00000,0x00000000eb100000)
  from space 2560K, 99% used [0x00000000eb400000,0x00000000eb67b2f0,0x00000000eb680000)
  to   space 2048K, 0% used [0x00000000eb100000,0x00000000eb100000,0x00000000eb300000)
 ParOldGen       total 143872K, used 112299K [0x00000000c0000000, 0x00000000c8c80000, 0x00000000eab00000)
  object space 143872K, 78% used [0x00000000c0000000,0x00000000c6daad00,0x00000000c8c80000)
 Metaspace       used 58529K, committed 59584K, reserved 1105920K
  class space    used 6151K, committed 6592K, reserved 1048576K
}

