# JRE version: OpenJDK Runtime Environment Temurin-17.0.4.1+1 (17.0.4.1+1) (build 17.0.4.1+1)
# Java VM: OpenJDK 64-Bit Server VM Temurin-17.0.4.1+1 (17.0.4.1+1, mixed mode, tiered, compressed oops, compressed class ptrs, parallel gc, windows-amd64)
GC Precious Log:
 CPUs: 8 total, 8 available
 Memory: 16242M
 Large Page Support: Disabled
 NUMA Support: Disabled
 Compressed Oops: Enabled (32-bit)
 Alignments: Space 512K, Generation 512K, Heap 2M
 Heap Min Capacity: 100M
 Heap Initial Capacity: 100M
 Heap Max Capacity: 1G
 Pre-touch: Disabled
 Parallel Workers: 8
Heap:
 PSYoungGen      total 20992K, used 6205K [0x00000000eab00000, 0x00000000ec080000, 0x0000000100000000)
  eden space 19456K, 28% used [0x00000000eab00000,0x00000000eb0786b0,0x00000000ebe00000)
  from space 1536K, 39% used [0x00000000ebe00000,0x00000000ebe96e78,0x00000000ebf80000)
  to   space 1024K, 0% used [0x00000000ebf80000,0x00000000ebf80000,0x00000000ec080000)
 ParOldGen       total 69632K, used 43162K [0x00000000c0000000, 0x00000000c4400000, 0x00000000eab00000)
  object space 69632K, 61% used [0x00000000c0000000,0x00000000c2a26a58,0x00000000c4400000)
 Metaspace       used 56482K, committed 57472K, reserved 1105920K
  class space    used 5963K, committed 6400K, reserved 1048576K
GC Heap History (20 events):
Event: 8.339 GC heap before
{Heap before GC invocations=30 (full 2):
 PSYoungGen      total 21504K, used 20992K [0x00000000eab00000, 0x00000000ec200000, 0x0000000100000000)
  eden space 19456K, 100% used [0x00000000eab00000,0x00000000ebe00000,0x00000000ebe00000)
  from space 2048K, 75% used [0x00000000ebe00000,0x00000000ebf80000,0x00000000ec000000)
  to   space 2048K, 0% used [0x00000000ec000000,0x00000000ec000000,0x00000000ec200000)
 ParOldGen       total 68608K, used 37377K [0x00000000c0000000, 0x00000000c4300000, 0x00000000eab00000)
  object space 68608K, 54% used [0x00000000c0000000,0x00000000c24804c8,0x00000000c4300000)
 Metaspace       used 50013K, committed 50944K, reserved 1097728K
  class space    used 5301K, committed 5696K, reserved 1048576K
}
Event: 8.341 GC heap after
{Heap after GC invocations=30 (full 2):
 PSYoungGen      total 21504K, used 1952K [0x00000000eab00000, 0x00000000ec200000, 0x0000000100000000)
  eden space 19456K, 0% used [0x00000000eab00000,0x00000000eab00000,0x00000000ebe00000)
  from space 2048K, 95% used [0x00000000ec000000,0x00000000ec1e8000,0x00000000ec200000)
  to   space 2048K, 0% used [0x00000000ebe00000,0x00000000ebe00000,0x00000000ec000000)
 ParOldGen       total 68608K, used 38639K [0x00000000c0000000, 0x00000000c4300000, 0x00000000eab00000)
  object space 68608K, 56% used [0x00000000c0000000,0x00000000c25bbf60,0x00000000c4300000)
 Metaspace       used 50013K, committed 50944K, reserved 1097728K
  class space    used 5301K, committed 5696K, reserved 1048576K
}
Event: 8.528 GC heap before
{Heap before GC invocations=31 (full 2):
 PSYoungGen      total 21504K, used 21408K [0x00000000eab00000, 0x00000000ec200000, 0x0000000100000000)
  eden space 19456K, 100% used [0x00000000eab00000,0x00000000ebe00000,0x00000000ebe00000)
  from space 2048K, 95% used [0x00000000ec000000,0x00000000ec1e8000,0x00000000ec200000)
  to   space 2048K, 0% used [0x00000000ebe00000,0x00000000ebe00000,0x00000000ec000000)
 ParOldGen       total 68608K, used 38639K [0x00000000c0000000, 0x00000000c4300000, 0x00000000eab00000)
  object space 68608K, 56% used [0x00000000c0000000,0x00000000c25bbf60,0x00000000c4300000)
 Metaspace       used 50095K, committed 51008K, reserved 1097728K
  class space    used 5302K, committed 5696K, reserved 1048576K
}
Event: 8.532 GC heap after
{Heap after GC invocations=31 (full 2):
 PSYoungGen      total 21504K, used 2048K [0x00000000eab00000, 0x00000000ec700000, 0x0000000100000000)
  eden space 19456K, 0% used [0x00000000eab00000,0x00000000eab00000,0x00000000ebe00000)
  from space 2048K, 100% used [0x00000000ebe00000,0x00000000ec000000,0x00000000ec000000)
  to   space 4608K, 0% used [0x00000000ec280000,0x00000000ec280000,0x00000000ec700000)
 ParOldGen       total 68608K, used 40479K [0x00000000c0000000, 0x00000000c4300000, 0x00000000eab00000)
  object space 68608K, 59% used [0x00000000c0000000,0x00000000c2787f60,0x00000000c4300000)
 Metaspace       used 50095K, committed 51008K, reserved 1097728K
  class space    used 5302K, committed 5696K, reserved 1048576K
}
Event: 8.822 GC heap before
{Heap before GC invocations=32 (full 2):
 PSYoungGen      total 21504K, used 21504K [0x00000000eab00000, 0x00000000ec700000, 0x0000000100000000)
  eden space 19456K, 100% used [0x00000000eab00000,0x00000000ebe00000,0x00000000ebe00000)
  from space 2048K, 100% used [0x00000000ebe00000,0x00000000ec000000,0x00000000ec000000)
  to   space 4608K, 0% used [0x00000000ec280000,0x00000000ec280000,0x00000000ec700000)
 ParOldGen       total 68608K, used 40479K [0x00000000c0000000, 0x00000000c4300000, 0x00000000eab00000)
  object space 68608K, 59% used [0x00000000c0000000,0x00000000c2787f60,0x00000000c4300000)
 Metaspace       used 50573K, committed 51520K, reserved 1097728K
  class space    used 5349K, committed 5760K, reserved 1048576K
}
Event: 8.826 GC heap after
{Heap after GC invocations=32 (full 2):
 PSYoungGen      total 20992K, used 1312K [0x00000000eab00000, 0x00000000ec400000, 0x0000000100000000)
  eden space 19456K, 0% used [0x00000000eab00000,0x00000000eab00000,0x00000000ebe00000)
  from space 1536K, 85% used [0x00000000ec280000,0x00000000ec3c8020,0x00000000ec400000)
  to   space 2560K, 0% used [0x00000000ebf00000,0x00000000ebf00000,0x00000000ec180000)
 ParOldGen       total 68608K, used 42526K [0x00000000c0000000, 0x00000000c4300000, 0x00000000eab00000)
  object space 68608K, 61% used [0x00000000c0000000,0x00000000c2987960,0x00000000c4300000)
 Metaspace       used 50573K, committed 51520K, reserved 1097728K
  class space    used 5349K, committed 5760K, reserved 1048576K
}
Event: 9.044 GC heap before
{Heap before GC invocations=33 (full 2):
 PSYoungGen      total 20992K, used 17819K [0x00000000eab00000, 0x00000000ec400000, 0x0000000100000000)
  eden space 19456K, 84% used [0x00000000eab00000,0x00000000ebb1ee80,0x00000000ebe00000)
  from space 1536K, 85% used [0x00000000ec280000,0x00000000ec3c8020,0x00000000ec400000)
  to   space 2560K, 0% used [0x00000000ebf00000,0x00000000ebf00000,0x00000000ec180000)
 ParOldGen       total 68608K, used 42526K [0x00000000c0000000, 0x00000000c4300000, 0x00000000eab00000)
  object space 68608K, 61% used [0x00000000c0000000,0x00000000c2987960,0x00000000c4300000)
 Metaspace       used 51388K, committed 52352K, reserved 1097728K
  class space    used 5428K, committed 5824K, reserved 1048576K
}
Event: 9.047 GC heap after
{Heap after GC invocations=33 (full 2):
 PSYoungGen      total 22016K, used 1349K [0x00000000eab00000, 0x00000000ec300000, 0x0000000100000000)
  eden space 19456K, 0% used [0x00000000eab00000,0x00000000eab00000,0x00000000ebe00000)
  from space 2560K, 52% used [0x00000000ebf00000,0x00000000ec051440,0x00000000ec180000)
  to   space 1536K, 0% used [0x00000000ec180000,0x00000000ec180000,0x00000000ec300000)
 ParOldGen       total 68608K, used 43590K [0x00000000c0000000, 0x00000000c4300000, 0x00000000eab00000)
  object space 68608K, 63% used [0x00000000c0000000,0x00000000c2a91960,0x00000000c4300000)
 Metaspace       used 51388K, committed 52352K, reserved 1097728K
  class space    used 5428K, committed 5824K, reserved 1048576K
}
Event: 9.138 GC heap before
{Heap before GC invocations=34 (full 2):
 PSYoungGen      total 22016K, used 20805K [0x00000000eab00000, 0x00000000ec300000, 0x0000000100000000)
  eden space 19456K, 100% used [0x00000000eab00000,0x00000000ebe00000,0x00000000ebe00000)
  from space 2560K, 52% used [0x00000000ebf00000,0x00000000ec051440,0x00000000ec180000)
  to   space 1536K, 0% used [0x00000000ec180000,0x00000000ec180000,0x00000000ec300000)
 ParOldGen       total 92160K, used 89670K [0x00000000c0000000, 0x00000000c5a00000, 0x00000000eab00000)
  object space 92160K, 97% used [0x00000000c0000000,0x00000000c57919a0,0x00000000c5a00000)
 Metaspace       used 51476K, committed 52480K, reserved 1097728K
  class space    used 5435K, committed 5888K, reserved 1048576K
}
Event: 9.140 GC heap after
{Heap after GC invocations=34 (full 2):
 PSYoungGen      total 19968K, used 320K [0x00000000eab00000, 0x00000000ec200000, 0x0000000100000000)
  eden space 19456K, 0% used [0x00000000eab00000,0x00000000eab00000,0x00000000ebe00000)
  from space 512K, 62% used [0x00000000ec180000,0x00000000ec1d0000,0x00000000ec200000)
  to   space 1024K, 0% used [0x00000000ec000000,0x00000000ec000000,0x00000000ec100000)
 ParOldGen       total 92160K, used 90786K [0x00000000c0000000, 0x00000000c5a00000, 0x00000000eab00000)
  object space 92160K, 98% used [0x00000000c0000000,0x00000000c58a8b28,0x00000000c5a00000)
 Metaspace       used 51476K, committed 52480K, reserved 1097728K
  class space    used 5435K, committed 5888K, reserved 1048576K
}
Event: 9.316 GC heap before
{Heap before GC invocations=35 (full 2):
 PSYoungGen      total 19968K, used 19758K [0x00000000eab00000, 0x00000000ec200000, 0x0000000100000000)
  eden space 19456K, 99% used [0x00000000eab00000,0x00000000ebdfba50,0x00000000ebe00000)
  from space 512K, 62% used [0x00000000ec180000,0x00000000ec1d0000,0x00000000ec200000)
  to   space 1024K, 0% used [0x00000000ec000000,0x00000000ec000000,0x00000000ec100000)
 ParOldGen       total 92160K, used 90786K [0x00000000c0000000, 0x00000000c5a00000, 0x00000000eab00000)
  object space 92160K, 98% used [0x00000000c0000000,0x00000000c58a8b28,0x00000000c5a00000)
 Metaspace       used 52495K, committed 53440K, reserved 1097728K
  class space    used 5528K, committed 5952K, reserved 1048576K
}
Event: 9.317 GC heap after
{Heap after GC invocations=35 (full 2):
 PSYoungGen      total 20480K, used 576K [0x00000000eab00000, 0x00000000ec200000, 0x0000000100000000)
  eden space 19456K, 0% used [0x00000000eab00000,0x00000000eab00000,0x00000000ebe00000)
  from space 1024K, 56% used [0x00000000ec000000,0x00000000ec090000,0x00000000ec100000)
  to   space 1024K, 0% used [0x00000000ec100000,0x00000000ec100000,0x00000000ec200000)
 ParOldGen       total 92160K, used 91002K [0x00000000c0000000, 0x00000000c5a00000, 0x00000000eab00000)
  object space 92160K, 98% used [0x00000000c0000000,0x00000000c58deb28,0x00000000c5a00000)
 Metaspace       used 52495K, committed 53440K, reserved 1097728K
  class space    used 5528K, committed 5952K, reserved 1048576K
}
Event: 9.625 GC heap before
{Heap before GC invocations=36 (full 2):
 PSYoungGen      total 20480K, used 20032K [0x00000000eab00000, 0x00000000ec200000, 0x0000000100000000)
  eden space 19456K, 100% used [0x00000000eab00000,0x00000000ebe00000,0x00000000ebe00000)
  from space 1024K, 56% used [0x00000000ec000000,0x00000000ec090000,0x00000000ec100000)
  to   space 1024K, 0% used [0x00000000ec100000,0x00000000ec100000,0x00000000ec200000)
 ParOldGen       total 92160K, used 91002K [0x00000000c0000000, 0x00000000c5a00000, 0x00000000eab00000)
  object space 92160K, 98% used [0x00000000c0000000,0x00000000c58deb28,0x00000000c5a00000)
 Metaspace       used 54691K, committed 55680K, reserved 1105920K
  class space    used 5788K, committed 6208K, reserved 1048576K
}
Event: 9.627 GC heap after
{Heap after GC invocations=36 (full 2):
 PSYoungGen      total 20480K, used 1018K [0x00000000eab00000, 0x00000000ec200000, 0x0000000100000000)
  eden space 19456K, 0% used [0x00000000eab00000,0x00000000eab00000,0x00000000ebe00000)
  from space 1024K, 99% used [0x00000000ec100000,0x00000000ec1fe808,0x00000000ec200000)
  to   space 2048K, 0% used [0x00000000ebe00000,0x00000000ebe00000,0x00000000ec000000)
 ParOldGen       total 92160K, used 91790K [0x00000000c0000000, 0x00000000c5a00000, 0x00000000eab00000)
  object space 92160K, 99% used [0x00000000c0000000,0x00000000c59a3a08,0x00000000c5a00000)
 Metaspace       used 54691K, committed 55680K, reserved 1105920K
  class space    used 5788K, committed 6208K, reserved 1048576K
}
Event: 9.627 GC heap before
{Heap before GC invocations=37 (full 3):
 PSYoungGen      total 20480K, used 1018K [0x00000000eab00000, 0x00000000ec200000, 0x0000000100000000)
  eden space 19456K, 0% used [0x00000000eab00000,0x00000000eab00000,0x00000000ebe00000)
  from space 1024K, 99% used [0x00000000ec100000,0x00000000ec1fe808,0x00000000ec200000)
  to   space 2048K, 0% used [0x00000000ebe00000,0x00000000ebe00000,0x00000000ec000000)
 ParOldGen       total 92160K, used 91790K [0x00000000c0000000, 0x00000000c5a00000, 0x00000000eab00000)
  object space 92160K, 99% used [0x00000000c0000000,0x00000000c59a3a08,0x00000000c5a00000)
 Metaspace       used 54691K, committed 55680K, reserved 1105920K
  class space    used 5788K, committed 6208K, reserved 1048576K
}
Event: 9.738 GC heap after
{Heap after GC invocations=37 (full 3):
 PSYoungGen      total 21504K, used 0K [0x00000000eab00000, 0x00000000ec200000, 0x0000000100000000)
  eden space 19456K, 0% used [0x00000000eab00000,0x00000000eab00000,0x00000000ebe00000)
  from space 2048K, 0% used [0x00000000ebe00000,0x00000000ebe00000,0x00000000ec000000)
  to   space 2048K, 0% used [0x00000000ec000000,0x00000000ec000000,0x00000000ec200000)
 ParOldGen       total 69632K, used 43154K [0x00000000c0000000, 0x00000000c4400000, 0x00000000eab00000)
  object space 69632K, 61% used [0x00000000c0000000,0x00000000c2a24a58,0x00000000c4400000)
 Metaspace       used 54691K, committed 55680K, reserved 1105920K
  class space    used 5788K, committed 6208K, reserved 1048576K
}
Event: 9.842 GC heap before
{Heap before GC invocations=38 (full 3):
 PSYoungGen      total 21504K, used 19456K [0x00000000eab00000, 0x00000000ec200000, 0x0000000100000000)
  eden space 19456K, 100% used [0x00000000eab00000,0x00000000ebe00000,0x00000000ebe00000)
  from space 2048K, 0% used [0x00000000ebe00000,0x00000000ebe00000,0x00000000ec000000)
  to   space 2048K, 0% used [0x00000000ec000000,0x00000000ec000000,0x00000000ec200000)
 ParOldGen       total 69632K, used 43154K [0x00000000c0000000, 0x00000000c4400000, 0x00000000eab00000)
  object space 69632K, 61% used [0x00000000c0000000,0x00000000c2a24a58,0x00000000c4400000)
 Metaspace       used 54725K, committed 55680K, reserved 1105920K
  class space    used 5788K, committed 6208K, reserved 1048576K
}
Event: 9.843 GC heap after
{Heap after GC invocations=38 (full 3):
 PSYoungGen      total 20480K, used 952K [0x00000000eab00000, 0x00000000ec100000, 0x0000000100000000)
  eden space 19456K, 0% used [0x00000000eab00000,0x00000000eab00000,0x00000000ebe00000)
  from space 1024K, 92% used [0x00000000ec000000,0x00000000ec0ee0c8,0x00000000ec100000)
  to   space 1536K, 0% used [0x00000000ebe00000,0x00000000ebe00000,0x00000000ebf80000)
 ParOldGen       total 69632K, used 43154K [0x00000000c0000000, 0x00000000c4400000, 0x00000000eab00000)
  object space 69632K, 61% used [0x00000000c0000000,0x00000000c2a24a58,0x00000000c4400000)
 Metaspace       used 54725K, committed 55680K, reserved 1105920K
  class space    used 5788K, committed 6208K, reserved 1048576K
}
Event: 10.109 GC heap before
{Heap before GC invocations=39 (full 3):
 PSYoungGen      total 20480K, used 20408K [0x00000000eab00000, 0x00000000ec100000, 0x0000000100000000)
  eden space 19456K, 100% used [0x00000000eab00000,0x00000000ebe00000,0x00000000ebe00000)
  from space 1024K, 92% used [0x00000000ec000000,0x00000000ec0ee0c8,0x00000000ec100000)
  to   space 1536K, 0% used [0x00000000ebe00000,0x00000000ebe00000,0x00000000ebf80000)
 ParOldGen       total 69632K, used 43154K [0x00000000c0000000, 0x00000000c4400000, 0x00000000eab00000)
  object space 69632K, 61% used [0x00000000c0000000,0x00000000c2a24a58,0x00000000c4400000)
 Metaspace       used 56331K, committed 57280K, reserved 1105920K
  class space    used 5932K, committed 6336K, reserved 1048576K
}
Event: 10.110 GC heap after
{Heap after GC invocations=39 (full 3):
 PSYoungGen      total 20992K, used 603K [0x00000000eab00000, 0x00000000ec080000, 0x0000000100000000)
  eden space 19456K, 0% used [0x00000000eab00000,0x00000000eab00000,0x00000000ebe00000)
  from space 1536K, 39% used [0x00000000ebe00000,0x00000000ebe96e78,0x00000000ebf80000)
  to   space 1024K, 0% used [0x00000000ebf80000,0x00000000ebf80000,0x00000000ec080000)
 ParOldGen       total 69632K, used 43162K [0x00000000c0000000, 0x00000000c4400000, 0x00000000eab00000)
  object space 69632K, 61% used [0x00000000c0000000,0x00000000c2a26a58,0x00000000c4400000)
 Metaspace       used 56331K, committed 57280K, reserved 1105920K
  class space    used 5932K, committed 6336K, reserved 1048576K
}

