# JRE version: OpenJDK Runtime Environment Temurin-21.0.10+7 (21.0.10+7) (build 21.0.10+7-LTS)
# Java VM: OpenJDK 64-Bit Server VM Temurin-21.0.10+7 (21.0.10+7-LTS, mixed mode, sharing, tiered, compressed oops, compressed class ptrs, parallel gc, windows-amd64)
GC Precious Log:
 CardTable entry size: 512
 CPUs: 8 total, 8 available
 Memory: 16242M
 Large Page Support: Disabled
 NUMA Support: Disabled
 Compressed Oops: Enabled (32-bit)
 Alignments: Space 512K, Generation 512K, Heap 2M
 Heap Min Capacity: 100M
 Heap Initial Capacity: 100M
 Heap Max Capacity: 2G
 Pre-touch: Disabled
 Parallel Workers: 8
Heap:
 PSYoungGen      total 2560K, used 1180K [0x00000000d5580000, 0x00000000d5980000, 0x0000000100000000)
  eden space 2048K, 45% used [0x00000000d5580000,0x00000000d5667298,0x00000000d5780000)
  from space 512K, 50% used [0x00000000d5900000,0x00000000d5940000,0x00000000d5980000)
  to   space 512K, 0% used [0x00000000d5880000,0x00000000d5880000,0x00000000d5900000)
 ParOldGen       total 1056768K, used 427221K [0x0000000080000000, 0x00000000c0800000, 0x00000000d5580000)
  object space 1056768K, 40% used [0x0000000080000000,0x000000009a135758,0x00000000c0800000)
 Metaspace       used 91469K, committed 93184K, reserved 1179648K
  class space    used 9293K, committed 10112K, reserved 1048576K
GC Heap History (20 events):
Event: 8049.093 GC heap before
{Heap before GC invocations=1228 (full 5):
 PSYoungGen      total 2560K, used 2272K [0x00000000d5580000, 0x00000000d5980000, 0x0000000100000000)
  eden space 2048K, 100% used [0x00000000d5580000,0x00000000d5780000,0x00000000d5780000)
  from space 512K, 43% used [0x00000000d5900000,0x00000000d5938000,0x00000000d5980000)
  to   space 512K, 0% used [0x00000000d5880000,0x00000000d5880000,0x00000000d5900000)
 ParOldGen       total 1056768K, used 426677K [0x0000000080000000, 0x00000000c0800000, 0x00000000d5580000)
  object space 1056768K, 40% used [0x0000000080000000,0x000000009a0ad438,0x00000000c0800000)
 Metaspace       used 91442K, committed 93120K, reserved 1179648K
  class space    used 9293K, committed 10112K, reserved 1048576K
}
Event: 8049.094 GC heap after
{Heap after GC invocations=1228 (full 5):
 PSYoungGen      total 2560K, used 393K [0x00000000d5580000, 0x00000000d5980000, 0x0000000100000000)
  eden space 2048K, 0% used [0x00000000d5580000,0x00000000d5580000,0x00000000d5780000)
  from space 512K, 76% used [0x00000000d5880000,0x00000000d58e2400,0x00000000d5900000)
  to   space 512K, 0% used [0x00000000d5900000,0x00000000d5900000,0x00000000d5980000)
 ParOldGen       total 1056768K, used 426733K [0x0000000080000000, 0x00000000c0800000, 0x00000000d5580000)
  object space 1056768K, 40% used [0x0000000080000000,0x000000009a0bb438,0x00000000c0800000)
 Metaspace       used 91442K, committed 93120K, reserved 1179648K
  class space    used 9293K, committed 10112K, reserved 1048576K
}
Event: 8049.625 GC heap before
{Heap before GC invocations=1229 (full 5):
 PSYoungGen      total 2560K, used 2441K [0x00000000d5580000, 0x00000000d5980000, 0x0000000100000000)
  eden space 2048K, 100% used [0x00000000d5580000,0x00000000d5780000,0x00000000d5780000)
  from space 512K, 76% used [0x00000000d5880000,0x00000000d58e2400,0x00000000d5900000)
  to   space 512K, 0% used [0x00000000d5900000,0x00000000d5900000,0x00000000d5980000)
 ParOldGen       total 1056768K, used 426733K [0x0000000080000000, 0x00000000c0800000, 0x00000000d5580000)
  object space 1056768K, 40% used [0x0000000080000000,0x000000009a0bb438,0x00000000c0800000)
 Metaspace       used 91442K, committed 93120K, reserved 1179648K
  class space    used 9293K, committed 10112K, reserved 1048576K
}
Event: 8049.626 GC heap after
{Heap after GC invocations=1229 (full 5):
 PSYoungGen      total 2560K, used 314K [0x00000000d5580000, 0x00000000d5980000, 0x0000000100000000)
  eden space 2048K, 0% used [0x00000000d5580000,0x00000000d5580000,0x00000000d5780000)
  from space 512K, 61% used [0x00000000d5900000,0x00000000d594e900,0x00000000d5980000)
  to   space 512K, 0% used [0x00000000d5880000,0x00000000d5880000,0x00000000d5900000)
 ParOldGen       total 1056768K, used 426733K [0x0000000080000000, 0x00000000c0800000, 0x00000000d5580000)
  object space 1056768K, 40% used [0x0000000080000000,0x000000009a0bb438,0x00000000c0800000)
 Metaspace       used 91442K, committed 93120K, reserved 1179648K
  class space    used 9293K, committed 10112K, reserved 1048576K
}
Event: 8049.629 GC heap before
{Heap before GC invocations=1230 (full 5):
 PSYoungGen      total 2560K, used 2362K [0x00000000d5580000, 0x00000000d5980000, 0x0000000100000000)
  eden space 2048K, 100% used [0x00000000d5580000,0x00000000d5780000,0x00000000d5780000)
  from space 512K, 61% used [0x00000000d5900000,0x00000000d594e900,0x00000000d5980000)
  to   space 512K, 0% used [0x00000000d5880000,0x00000000d5880000,0x00000000d5900000)
 ParOldGen       total 1056768K, used 426733K [0x0000000080000000, 0x00000000c0800000, 0x00000000d5580000)
  object space 1056768K, 40% used [0x0000000080000000,0x000000009a0bb438,0x00000000c0800000)
 Metaspace       used 91442K, committed 93120K, reserved 1179648K
  class space    used 9293K, committed 10112K, reserved 1048576K
}
Event: 8049.630 GC heap after
{Heap after GC invocations=1230 (full 5):
 PSYoungGen      total 2560K, used 256K [0x00000000d5580000, 0x00000000d5980000, 0x0000000100000000)
  eden space 2048K, 0% used [0x00000000d5580000,0x00000000d5580000,0x00000000d5780000)
  from space 512K, 50% used [0x00000000d5880000,0x00000000d58c0000,0x00000000d5900000)
  to   space 512K, 0% used [0x00000000d5900000,0x00000000d5900000,0x00000000d5980000)
 ParOldGen       total 1056768K, used 426781K [0x0000000080000000, 0x00000000c0800000, 0x00000000d5580000)
  object space 1056768K, 40% used [0x0000000080000000,0x000000009a0c7438,0x00000000c0800000)
 Metaspace       used 91442K, committed 93120K, reserved 1179648K
  class space    used 9293K, committed 10112K, reserved 1048576K
}
Event: 8049.635 GC heap before
{Heap before GC invocations=1231 (full 5):
 PSYoungGen      total 2560K, used 2303K [0x00000000d5580000, 0x00000000d5980000, 0x0000000100000000)
  eden space 2048K, 99% used [0x00000000d5580000,0x00000000d577ffc8,0x00000000d5780000)
  from space 512K, 50% used [0x00000000d5880000,0x00000000d58c0000,0x00000000d5900000)
  to   space 512K, 0% used [0x00000000d5900000,0x00000000d5900000,0x00000000d5980000)
 ParOldGen       total 1056768K, used 426781K [0x0000000080000000, 0x00000000c0800000, 0x00000000d5580000)
  object space 1056768K, 40% used [0x0000000080000000,0x000000009a0c7438,0x00000000c0800000)
 Metaspace       used 91442K, committed 93120K, reserved 1179648K
  class space    used 9293K, committed 10112K, reserved 1048576K
}
Event: 8049.636 GC heap after
{Heap after GC invocations=1231 (full 5):
 PSYoungGen      total 2560K, used 288K [0x00000000d5580000, 0x00000000d5980000, 0x0000000100000000)
  eden space 2048K, 0% used [0x00000000d5580000,0x00000000d5580000,0x00000000d5780000)
  from space 512K, 56% used [0x00000000d5900000,0x00000000d5948000,0x00000000d5980000)
  to   space 512K, 0% used [0x00000000d5880000,0x00000000d5880000,0x00000000d5900000)
 ParOldGen       total 1056768K, used 426781K [0x0000000080000000, 0x00000000c0800000, 0x00000000d5580000)
  object space 1056768K, 40% used [0x0000000080000000,0x000000009a0c7438,0x00000000c0800000)
 Metaspace       used 91442K, committed 93120K, reserved 1179648K
  class space    used 9293K, committed 10112K, reserved 1048576K
}
Event: 8049.867 GC heap before
{Heap before GC invocations=1232 (full 5):
 PSYoungGen      total 2560K, used 2336K [0x00000000d5580000, 0x00000000d5980000, 0x0000000100000000)
  eden space 2048K, 100% used [0x00000000d5580000,0x00000000d5780000,0x00000000d5780000)
  from space 512K, 56% used [0x00000000d5900000,0x00000000d5948000,0x00000000d5980000)
  to   space 512K, 0% used [0x00000000d5880000,0x00000000d5880000,0x00000000d5900000)
 ParOldGen       total 1056768K, used 426781K [0x0000000080000000, 0x00000000c0800000, 0x00000000d5580000)
  object space 1056768K, 40% used [0x0000000080000000,0x000000009a0c7438,0x00000000c0800000)
 Metaspace       used 91442K, committed 93120K, reserved 1179648K
  class space    used 9293K, committed 10112K, reserved 1048576K
}
Event: 8049.868 GC heap after
{Heap after GC invocations=1232 (full 5):
 PSYoungGen      total 2560K, used 256K [0x00000000d5580000, 0x00000000d5980000, 0x0000000100000000)
  eden space 2048K, 0% used [0x00000000d5580000,0x00000000d5580000,0x00000000d5780000)
  from space 512K, 50% used [0x00000000d5880000,0x00000000d58c0000,0x00000000d5900000)
  to   space 512K, 0% used [0x00000000d5900000,0x00000000d5900000,0x00000000d5980000)
 ParOldGen       total 1056768K, used 426781K [0x0000000080000000, 0x00000000c0800000, 0x00000000d5580000)
  object space 1056768K, 40% used [0x0000000080000000,0x000000009a0c7438,0x00000000c0800000)
 Metaspace       used 91442K, committed 93120K, reserved 1179648K
  class space    used 9293K, committed 10112K, reserved 1048576K
}
Event: 8049.876 GC heap before
{Heap before GC invocations=1233 (full 5):
 PSYoungGen      total 2560K, used 2304K [0x00000000d5580000, 0x00000000d5980000, 0x0000000100000000)
  eden space 2048K, 100% used [0x00000000d5580000,0x00000000d5780000,0x00000000d5780000)
  from space 512K, 50% used [0x00000000d5880000,0x00000000d58c0000,0x00000000d5900000)
  to   space 512K, 0% used [0x00000000d5900000,0x00000000d5900000,0x00000000d5980000)
 ParOldGen       total 1056768K, used 426781K [0x0000000080000000, 0x00000000c0800000, 0x00000000d5580000)
  object space 1056768K, 40% used [0x0000000080000000,0x000000009a0c7438,0x00000000c0800000)
 Metaspace       used 91446K, committed 93120K, reserved 1179648K
  class space    used 9293K, committed 10112K, reserved 1048576K
}
Event: 8049.878 GC heap after
{Heap after GC invocations=1233 (full 5):
 PSYoungGen      total 2560K, used 128K [0x00000000d5580000, 0x00000000d5980000, 0x0000000100000000)
  eden space 2048K, 0% used [0x00000000d5580000,0x00000000d5580000,0x00000000d5780000)
  from space 512K, 25% used [0x00000000d5900000,0x00000000d5920000,0x00000000d5980000)
  to   space 512K, 0% used [0x00000000d5880000,0x00000000d5880000,0x00000000d5900000)
 ParOldGen       total 1056768K, used 426911K [0x0000000080000000, 0x00000000c0800000, 0x00000000d5580000)
  object space 1056768K, 40% used [0x0000000080000000,0x000000009a0e7dc0,0x00000000c0800000)
 Metaspace       used 91446K, committed 93120K, reserved 1179648K
  class space    used 9293K, committed 10112K, reserved 1048576K
}
Event: 8050.730 GC heap before
{Heap before GC invocations=1234 (full 5):
 PSYoungGen      total 2560K, used 2176K [0x00000000d5580000, 0x00000000d5980000, 0x0000000100000000)
  eden space 2048K, 100% used [0x00000000d5580000,0x00000000d5780000,0x00000000d5780000)
  from space 512K, 25% used [0x00000000d5900000,0x00000000d5920000,0x00000000d5980000)
  to   space 512K, 0% used [0x00000000d5880000,0x00000000d5880000,0x00000000d5900000)
 ParOldGen       total 1056768K, used 426911K [0x0000000080000000, 0x00000000c0800000, 0x00000000d5580000)
  object space 1056768K, 40% used [0x0000000080000000,0x000000009a0e7dc0,0x00000000c0800000)
 Metaspace       used 91457K, committed 93184K, reserved 1179648K
  class space    used 9293K, committed 10112K, reserved 1048576K
}
Event: 8050.731 GC heap after
{Heap after GC invocations=1234 (full 5):
 PSYoungGen      total 2560K, used 288K [0x00000000d5580000, 0x00000000d5980000, 0x0000000100000000)
  eden space 2048K, 0% used [0x00000000d5580000,0x00000000d5580000,0x00000000d5780000)
  from space 512K, 56% used [0x00000000d5880000,0x00000000d58c8000,0x00000000d5900000)
  to   space 512K, 0% used [0x00000000d5900000,0x00000000d5900000,0x00000000d5980000)
 ParOldGen       total 1056768K, used 426983K [0x0000000080000000, 0x00000000c0800000, 0x00000000d5580000)
  object space 1056768K, 40% used [0x0000000080000000,0x000000009a0f9dc0,0x00000000c0800000)
 Metaspace       used 91457K, committed 93184K, reserved 1179648K
  class space    used 9293K, committed 10112K, reserved 1048576K
}
Event: 8050.928 GC heap before
{Heap before GC invocations=1235 (full 5):
 PSYoungGen      total 2560K, used 2336K [0x00000000d5580000, 0x00000000d5980000, 0x0000000100000000)
  eden space 2048K, 100% used [0x00000000d5580000,0x00000000d5780000,0x00000000d5780000)
  from space 512K, 56% used [0x00000000d5880000,0x00000000d58c8000,0x00000000d5900000)
  to   space 512K, 0% used [0x00000000d5900000,0x00000000d5900000,0x00000000d5980000)
 ParOldGen       total 1056768K, used 426983K [0x0000000080000000, 0x00000000c0800000, 0x00000000d5580000)
  object space 1056768K, 40% used [0x0000000080000000,0x000000009a0f9dc0,0x00000000c0800000)
 Metaspace       used 91457K, committed 93184K, reserved 1179648K
  class space    used 9293K, committed 10112K, reserved 1048576K
}
Event: 8050.929 GC heap after
{Heap after GC invocations=1235 (full 5):
 PSYoungGen      total 2560K, used 256K [0x00000000d5580000, 0x00000000d5980000, 0x0000000100000000)
  eden space 2048K, 0% used [0x00000000d5580000,0x00000000d5580000,0x00000000d5780000)
  from space 512K, 50% used [0x00000000d5900000,0x00000000d5940000,0x00000000d5980000)
  to   space 512K, 0% used [0x00000000d5880000,0x00000000d5880000,0x00000000d5900000)
 ParOldGen       total 1056768K, used 427015K [0x0000000080000000, 0x00000000c0800000, 0x00000000d5580000)
  object space 1056768K, 40% used [0x0000000080000000,0x000000009a101dc0,0x00000000c0800000)
 Metaspace       used 91457K, committed 93184K, reserved 1179648K
  class space    used 9293K, committed 10112K, reserved 1048576K
}
Event: 8050.934 GC heap before
{Heap before GC invocations=1236 (full 5):
 PSYoungGen      total 2560K, used 2304K [0x00000000d5580000, 0x00000000d5980000, 0x0000000100000000)
  eden space 2048K, 100% used [0x00000000d5580000,0x00000000d5780000,0x00000000d5780000)
  from space 512K, 50% used [0x00000000d5900000,0x00000000d5940000,0x00000000d5980000)
  to   space 512K, 0% used [0x00000000d5880000,0x00000000d5880000,0x00000000d5900000)
 ParOldGen       total 1056768K, used 427015K [0x0000000080000000, 0x00000000c0800000, 0x00000000d5580000)
  object space 1056768K, 40% used [0x0000000080000000,0x000000009a101dc0,0x00000000c0800000)
 Metaspace       used 91458K, committed 93184K, reserved 1179648K
  class space    used 9293K, committed 10112K, reserved 1048576K
}
Event: 8050.936 GC heap after
{Heap after GC invocations=1236 (full 5):
 PSYoungGen      total 2560K, used 322K [0x00000000d5580000, 0x00000000d5980000, 0x0000000100000000)
  eden space 2048K, 0% used [0x00000000d5580000,0x00000000d5580000,0x00000000d5780000)
  from space 512K, 62% used [0x00000000d5880000,0x00000000d58d0998,0x00000000d5900000)
  to   space 512K, 0% used [0x00000000d5900000,0x00000000d5900000,0x00000000d5980000)
 ParOldGen       total 1056768K, used 427189K [0x0000000080000000, 0x00000000c0800000, 0x00000000d5580000)
  object space 1056768K, 40% used [0x0000000080000000,0x000000009a12d758,0x00000000c0800000)
 Metaspace       used 91458K, committed 93184K, reserved 1179648K
  class space    used 9293K, committed 10112K, reserved 1048576K
}
Event: 8054.327 GC heap before
{Heap before GC invocations=1237 (full 5):
 PSYoungGen      total 2560K, used 2370K [0x00000000d5580000, 0x00000000d5980000, 0x0000000100000000)
  eden space 2048K, 100% used [0x00000000d5580000,0x00000000d5780000,0x00000000d5780000)
  from space 512K, 62% used [0x00000000d5880000,0x00000000d58d0998,0x00000000d5900000)
  to   space 512K, 0% used [0x00000000d5900000,0x00000000d5900000,0x00000000d5980000)
 ParOldGen       total 1056768K, used 427189K [0x0000000080000000, 0x00000000c0800000, 0x00000000d5580000)
  object space 1056768K, 40% used [0x0000000080000000,0x000000009a12d758,0x00000000c0800000)
 Metaspace       used 91464K, committed 93184K, reserved 1179648K
  class space    used 9293K, committed 10112K, reserved 1048576K
}
Event: 8054.329 GC heap after
{Heap after GC invocations=1237 (full 5):
 PSYoungGen      total 2560K, used 256K [0x00000000d5580000, 0x00000000d5980000, 0x0000000100000000)
  eden space 2048K, 0% used [0x00000000d5580000,0x00000000d5580000,0x00000000d5780000)
  from space 512K, 50% used [0x00000000d5900000,0x00000000d5940000,0x00000000d5980000)
  to   space 512K, 0% used [0x00000000d5880000,0x00000000d5880000,0x00000000d5900000)
 ParOldGen       total 1056768K, used 427221K [0x0000000080000000, 0x00000000c0800000, 0x00000000d5580000)
  object space 1056768K, 40% used [0x0000000080000000,0x000000009a135758,0x00000000c0800000)
 Metaspace       used 91464K, committed 93184K, reserved 1179648K
  class space    used 9293K, committed 10112K, reserved 1048576K
}

